{
  "RSpec": {
    "coverage": {
      "/Users/helenhood/Dropbox/launchacademy/breakable_toy/time_catcher_capybara/config/environment.rb": [
        null,
        1,
        null,
        null,
        1
      ],
      "/Users/helenhood/Dropbox/launchacademy/breakable_toy/time_catcher_capybara/config/application.rb": [
        1,
        null,
        null,
        1,
        1,
        1,
        1,
        null,
        null,
        null,
        null,
        1,
        null,
        1,
        1,
        null,
        null,
        null,
        null,
        null,
        null,
        1,
        null,
        null,
        null,
        null,
        1,
        null,
        null
      ],
      "/Users/helenhood/Dropbox/launchacademy/breakable_toy/time_catcher_capybara/config/boot.rb": [
        null,
        1,
        null,
        1
      ],
      "/Users/helenhood/Dropbox/launchacademy/breakable_toy/time_catcher_capybara/config/environments/test.rb": [
        1,
        null,
        null,
        null,
        null,
        null,
        null,
        1,
        null,
        null,
        null,
        null,
        1,
        null,
        null,
        1,
        1,
        null,
        null,
        1,
        1,
        null,
        null,
        1,
        null,
        null,
        1,
        null,
        null,
        null,
        null,
        1,
        null,
        null,
        1,
        null
      ],
      "/Users/helenhood/Dropbox/launchacademy/breakable_toy/time_catcher_capybara/config/initializers/backtrace_silencers.rb": [
        null,
        null,
        null,
        null,
        null,
        null,
        null
      ],
      "/Users/helenhood/Dropbox/launchacademy/breakable_toy/time_catcher_capybara/config/initializers/devise.rb": [
        null,
        null,
        1,
        null,
        null,
        null,
        1,
        null,
        null,
        null,
        null,
        null,
        1,
        null,
        null,
        null,
        null,
        null,
        null,
        null,
        null,
        1,
        null,
        null,
        null,
        null,
        null,
        null,
        null,
        null,
        null,
        null,
        null,
        null,
        null,
        null,
        null,
        null,
        null,
        null,
        null,
        null,
        null,
        1,
        null,
        null,
        null,
        null,
        1,
        null,
        null,
        null,
        null,
        null,
        null,
        null,
        null,
        null,
        null,
        null,
        null,
        null,
        null,
        null,
        null,
        null,
        null,
        null,
        null,
        null,
        null,
        null,
        null,
        null,
        null,
        null,
        null,
        null,
        null,
        1,
        null,
        null,
        null,
        null,
        null,
        null,
        null,
        null,
        null,
        null,
        null,
        null,
        null,
        null,
        1,
        null,
        null,
        null,
        null,
        null,
        null,
        null,
        null,
        null,
        null,
        null,
        null,
        null,
        null,
        null,
        null,
        null,
        null,
        null,
        null,
        null,
        null,
        null,
        null,
        1,
        null,
        null,
        null,
        null,
        null,
        null,
        null,
        null,
        null,
        null,
        null,
        null,
        null,
        null,
        null,
        null,
        null,
        1,
        null,
        null,
        null,
        null,
        null,
        null,
        null,
        null,
        null,
        null,
        null,
        null,
        null,
        null,
        null,
        null,
        null,
        null,
        null,
        null,
        null,
        null,
        null,
        null,
        null,
        null,
        null,
        null,
        null,
        null,
        null,
        null,
        null,
        null,
        null,
        null,
        null,
        null,
        null,
        null,
        null,
        null,
        null,
        null,
        null,
        null,
        null,
        null,
        1,
        null,
        null,
        null,
        null,
        null,
        null,
        null,
        null,
        null,
        null,
        null,
        null,
        null,
        null,
        null,
        null,
        null,
        null,
        null,
        null,
        null,
        null,
        null,
        null,
        null,
        null,
        null,
        null,
        null,
        null,
        null,
        null,
        null,
        null,
        null,
        null,
        null,
        1,
        null,
        null,
        null,
        null,
        null,
        null,
        null,
        null,
        null,
        null,
        null,
        null,
        null,
        null,
        null,
        null,
        null,
        null,
        null,
        null,
        null,
        null,
        null,
        null,
        null,
        null,
        null,
        null,
        null
      ],
      "/Users/helenhood/Dropbox/launchacademy/breakable_toy/time_catcher_capybara/config/initializers/filter_parameter_logging.rb": [
        null,
        null,
        null,
        1
      ],
      "/Users/helenhood/Dropbox/launchacademy/breakable_toy/time_catcher_capybara/config/initializers/inflections.rb": [
        null,
        null,
        null,
        null,
        null,
        null,
        null,
        null,
        null,
        null,
        null,
        null,
        null,
        null,
        null,
        null
      ],
      "/Users/helenhood/Dropbox/launchacademy/breakable_toy/time_catcher_capybara/config/initializers/mime_types.rb": [
        null,
        null,
        null,
        null,
        null
      ],
      "/Users/helenhood/Dropbox/launchacademy/breakable_toy/time_catcher_capybara/config/initializers/secret_token.rb": [
        null,
        null,
        null,
        null,
        null,
        null,
        null,
        null,
        null,
        null,
        null,
        null,
        1
      ],
      "/Users/helenhood/Dropbox/launchacademy/breakable_toy/time_catcher_capybara/config/initializers/session_store.rb": [
        null,
        null,
        1
      ],
      "/Users/helenhood/Dropbox/launchacademy/breakable_toy/time_catcher_capybara/config/initializers/simple_form.rb": [
        null,
        1,
        null,
        null,
        null,
        null,
        null,
        1,
        null,
        null,
        null,
        null,
        null,
        null,
        null,
        null,
        null,
        1,
        null,
        null,
        null,
        1,
        null,
        null,
        null,
        null,
        null,
        null,
        null,
        null,
        1,
        null,
        null,
        1,
        null,
        null,
        1,
        null,
        null,
        1,
        null,
        null,
        1,
        1,
        1,
        null,
        null,
        null,
        1,
        null,
        null,
        null,
        null,
        null,
        1,
        null,
        null,
        1,
        null,
        null,
        null,
        null,
        null,
        null,
        null,
        1,
        null,
        null,
        1,
        null,
        null,
        null,
        null,
        null,
        null,
        null,
        null,
        null,
        null,
        null,
        null,
        null,
        null,
        null,
        null,
        null,
        null,
        null,
        null,
        null,
        null,
        null,
        null,
        null,
        null,
        null,
        null,
        1,
        null,
        null,
        null,
        null,
        null,
        null,
        null,
        null,
        null,
        null,
        null,
        null,
        null,
        null,
        null,
        1,
        null,
        null,
        null,
        null,
        null,
        null,
        null,
        null,
        null,
        null,
        null,
        null,
        null,
        null,
        null,
        null,
        null,
        null,
        null,
        null,
        null,
        null,
        null,
        null,
        null,
        null,
        null,
        null,
        null,
        null,
        null
      ],
      "/Users/helenhood/Dropbox/launchacademy/breakable_toy/time_catcher_capybara/config/initializers/smtp.rb": [
        1,
        0,
        0,
        null,
        null,
        null,
        null
      ],
      "/Users/helenhood/Dropbox/launchacademy/breakable_toy/time_catcher_capybara/config/initializers/wrap_parameters.rb": [
        null,
        null,
        null,
        null,
        null,
        null,
        1,
        1,
        null,
        null,
        null,
        null,
        null,
        null
      ],
      "/Users/helenhood/Dropbox/launchacademy/breakable_toy/time_catcher_capybara/spec/factories/activities.rb": [
        1,
        1,
        3,
        1,
        1,
        null,
        1,
        1,
        null,
        null
      ],
      "/Users/helenhood/Dropbox/launchacademy/breakable_toy/time_catcher_capybara/spec/factories/activity_sessions.rb": [
        1,
        1,
        1,
        1,
        1,
        1,
        null,
        1,
        1,
        null,
        null
      ],
      "/Users/helenhood/Dropbox/launchacademy/breakable_toy/time_catcher_capybara/spec/factories/categories.rb": [
        null,
        1,
        1,
        3,
        null,
        1,
        null,
        null
      ],
      "/Users/helenhood/Dropbox/launchacademy/breakable_toy/time_catcher_capybara/spec/factories/contacts.rb": [
        1,
        1,
        1,
        1,
        1,
        1,
        1,
        null,
        null
      ],
      "/Users/helenhood/Dropbox/launchacademy/breakable_toy/time_catcher_capybara/spec/factories/users.rb": [
        null,
        null,
        1,
        1,
        1,
        1,
        6,
        1,
        1,
        null,
        null
      ],
      "/Users/helenhood/Dropbox/launchacademy/breakable_toy/time_catcher_capybara/config/routes.rb": [
        1,
        null,
        1,
        1,
        null,
        1,
        1,
        1,
        null,
        1,
        null,
        1,
        null,
        null,
        null,
        null,
        null,
        null,
        null,
        null,
        null,
        null,
        null,
        null,
        null,
        null,
        null,
        null,
        null,
        null,
        null,
        null,
        null,
        null,
        null,
        null,
        null,
        null,
        null,
        null,
        null,
        null,
        null,
        null,
        null,
        null,
        null,
        null,
        null,
        null,
        null,
        null,
        null,
        null,
        null,
        null,
        null,
        null,
        null,
        null,
        null,
        null,
        null,
        null,
        null,
        null,
        null,
        null
      ],
      "/Users/helenhood/Dropbox/launchacademy/breakable_toy/time_catcher_capybara/app/models/user.rb": [
        1,
        null,
        null,
        1,
        null,
        null,
        1,
        1,
        null,
        1,
        1,
        1,
        null
      ],
      "/Users/helenhood/Dropbox/launchacademy/breakable_toy/time_catcher_capybara/app/helpers/application_helper.rb": [
        1,
        null
      ],
      "/Users/helenhood/Dropbox/launchacademy/breakable_toy/time_catcher_capybara/spec/support/login_helper.rb": [
        1,
        1,
        1,
        1,
        1,
        1,
        1,
        null,
        null,
        null
      ],
      "/Users/helenhood/Dropbox/launchacademy/breakable_toy/time_catcher_capybara/spec/support/share_db_connection.rb": [
        1,
        1,
        1,
        null,
        1,
        190,
        null,
        null,
        null,
        null,
        null,
        1
      ],
      "/Users/helenhood/Dropbox/launchacademy/breakable_toy/time_catcher_capybara/app/models/activity_session.rb": [
        1,
        1,
        1,
        1,
        1,
        null,
        1,
        1,
        1,
        null,
        1,
        null,
        1,
        0,
        0,
        0,
        null,
        null,
        1,
        1,
        0,
        0,
        0,
        null,
        0,
        null,
        null,
        null,
        1,
        0,
        0,
        0,
        null,
        null,
        null,
        1,
        null,
        1,
        0,
        null,
        null
      ],
      "/Users/helenhood/Dropbox/launchacademy/breakable_toy/time_catcher_capybara/app/models/activity.rb": [
        1,
        1,
        1,
        null,
        1,
        1,
        null,
        1,
        1,
        1,
        1,
        null,
        1,
        4,
        0,
        null,
        4,
        null,
        null,
        null
      ],
      "/Users/helenhood/Dropbox/launchacademy/breakable_toy/time_catcher_capybara/app/models/category.rb": [
        1,
        1,
        1,
        null,
        1,
        null,
        1,
        1,
        null,
        1,
        0,
        0,
        null,
        null
      ],
      "/Users/helenhood/Dropbox/launchacademy/breakable_toy/time_catcher_capybara/app/controllers/home_controller.rb": [
        1,
        1,
        null,
        1,
        1,
        null,
        null
      ],
      "/Users/helenhood/Dropbox/launchacademy/breakable_toy/time_catcher_capybara/app/controllers/application_controller.rb": [
        1,
        null,
        null,
        1,
        null,
        1,
        null,
        1,
        null,
        1,
        null,
        1,
        2,
        null,
        null,
        1,
        1,
        null,
        null
      ],
      "/Users/helenhood/Dropbox/launchacademy/breakable_toy/time_catcher_capybara/app/controllers/activity_sessions_controller.rb": [
        1,
        1,
        null,
        1,
        1,
        null,
        null,
        1,
        1,
        1,
        null,
        null,
        1,
        0,
        0,
        null,
        null,
        1,
        0,
        0,
        0,
        0,
        0,
        null,
        0,
        0,
        null,
        null,
        null,
        1,
        0,
        0,
        0,
        0,
        null,
        0,
        0,
        null,
        0,
        null,
        0,
        null,
        null,
        null,
        1,
        0,
        0,
        0,
        0,
        0,
        0,
        0,
        0,
        null,
        0,
        0,
        0,
        0,
        null,
        0,
        0,
        null,
        null,
        null,
        null,
        1,
        0,
        0,
        null,
        null,
        1,
        null,
        1,
        0,
        null,
        null
      ]
    },
    "timestamp": 1390319459
  }
}
