{
  "RSpec": {
    "coverage": {
      "/Users/helenhood/Dropbox/launchacademy/breakable_toy/time_catcher_capybara/config/environment.rb": [
        null,
        1,
        null,
        null,
        1
      ],
      "/Users/helenhood/Dropbox/launchacademy/breakable_toy/time_catcher_capybara/config/application.rb": [
        1,
        null,
        null,
        1,
        1,
        1,
        1,
        null,
        null,
        null,
        null,
        1,
        null,
        1,
        1,
        null,
        null,
        null,
        null,
        null,
        null,
        null,
        null,
        null,
        null,
        null,
        1,
        null,
        null
      ],
      "/Users/helenhood/Dropbox/launchacademy/breakable_toy/time_catcher_capybara/config/boot.rb": [
        null,
        1,
        null,
        1
      ],
      "/Users/helenhood/Dropbox/launchacademy/breakable_toy/time_catcher_capybara/config/environments/test.rb": [
        1,
        null,
        null,
        null,
        null,
        null,
        null,
        1,
        null,
        null,
        null,
        null,
        1,
        null,
        null,
        1,
        1,
        null,
        null,
        1,
        1,
        null,
        null,
        1,
        null,
        null,
        1,
        null,
        null,
        null,
        null,
        1,
        null,
        null,
        1,
        null
      ],
      "/Users/helenhood/Dropbox/launchacademy/breakable_toy/time_catcher_capybara/config/initializers/backtrace_silencers.rb": [
        null,
        null,
        null,
        null,
        null,
        null,
        null
      ],
      "/Users/helenhood/Dropbox/launchacademy/breakable_toy/time_catcher_capybara/config/initializers/devise.rb": [
        null,
        null,
        1,
        null,
        null,
        null,
        1,
        null,
        null,
        null,
        null,
        null,
        1,
        null,
        null,
        null,
        null,
        null,
        null,
        null,
        null,
        1,
        null,
        null,
        null,
        null,
        null,
        null,
        null,
        null,
        null,
        null,
        null,
        null,
        null,
        null,
        null,
        null,
        null,
        null,
        null,
        null,
        null,
        1,
        null,
        null,
        null,
        null,
        1,
        null,
        null,
        null,
        null,
        null,
        null,
        null,
        null,
        null,
        null,
        null,
        null,
        null,
        null,
        null,
        null,
        null,
        null,
        null,
        null,
        null,
        null,
        null,
        null,
        null,
        null,
        null,
        null,
        null,
        null,
        1,
        null,
        null,
        null,
        null,
        null,
        null,
        null,
        null,
        null,
        null,
        null,
        null,
        null,
        null,
        1,
        null,
        null,
        null,
        null,
        null,
        null,
        null,
        null,
        null,
        null,
        null,
        null,
        null,
        null,
        null,
        null,
        null,
        null,
        null,
        null,
        null,
        null,
        null,
        null,
        1,
        null,
        null,
        null,
        null,
        null,
        null,
        null,
        null,
        null,
        null,
        null,
        null,
        null,
        null,
        null,
        null,
        null,
        1,
        null,
        null,
        null,
        null,
        null,
        null,
        null,
        null,
        null,
        null,
        null,
        null,
        null,
        null,
        null,
        null,
        null,
        null,
        null,
        null,
        null,
        null,
        null,
        null,
        null,
        null,
        null,
        null,
        null,
        null,
        null,
        null,
        null,
        null,
        null,
        null,
        null,
        null,
        null,
        null,
        null,
        null,
        null,
        null,
        null,
        null,
        null,
        null,
        1,
        null,
        null,
        null,
        null,
        null,
        null,
        null,
        null,
        null,
        null,
        null,
        null,
        null,
        null,
        null,
        null,
        null,
        null,
        null,
        null,
        null,
        null,
        null,
        null,
        null,
        null,
        null,
        null,
        null,
        null,
        null,
        null,
        null,
        null,
        null,
        null,
        null,
        1,
        null,
        null,
        null,
        null,
        null,
        null,
        null,
        null,
        null,
        null,
        null,
        null,
        null,
        null,
        null,
        null,
        null,
        null,
        null,
        null,
        null,
        null,
        null,
        null,
        null,
        null,
        null,
        null,
        null
      ],
      "/Users/helenhood/Dropbox/launchacademy/breakable_toy/time_catcher_capybara/config/initializers/filter_parameter_logging.rb": [
        null,
        null,
        null,
        1
      ],
      "/Users/helenhood/Dropbox/launchacademy/breakable_toy/time_catcher_capybara/config/initializers/inflections.rb": [
        null,
        null,
        null,
        null,
        null,
        null,
        null,
        null,
        null,
        null,
        null,
        null,
        null,
        null,
        null,
        null
      ],
      "/Users/helenhood/Dropbox/launchacademy/breakable_toy/time_catcher_capybara/config/initializers/mime_types.rb": [
        null,
        null,
        null,
        null,
        null
      ],
      "/Users/helenhood/Dropbox/launchacademy/breakable_toy/time_catcher_capybara/config/initializers/secret_token.rb": [
        null,
        null,
        null,
        null,
        null,
        null,
        null,
        null,
        null,
        null,
        null,
        null,
        1
      ],
      "/Users/helenhood/Dropbox/launchacademy/breakable_toy/time_catcher_capybara/config/initializers/session_store.rb": [
        null,
        null,
        1
      ],
      "/Users/helenhood/Dropbox/launchacademy/breakable_toy/time_catcher_capybara/config/initializers/simple_form.rb": [
        null,
        1,
        null,
        null,
        null,
        null,
        null,
        1,
        null,
        null,
        null,
        null,
        null,
        null,
        null,
        null,
        null,
        1,
        null,
        null,
        null,
        1,
        null,
        null,
        null,
        null,
        null,
        null,
        null,
        null,
        1,
        null,
        null,
        1,
        null,
        null,
        1,
        null,
        null,
        1,
        null,
        null,
        1,
        1,
        1,
        null,
        null,
        null,
        1,
        null,
        null,
        null,
        null,
        null,
        1,
        null,
        null,
        1,
        null,
        null,
        null,
        null,
        null,
        null,
        null,
        1,
        null,
        null,
        1,
        null,
        null,
        null,
        null,
        null,
        null,
        null,
        null,
        null,
        null,
        null,
        null,
        null,
        null,
        null,
        null,
        null,
        null,
        null,
        null,
        null,
        null,
        null,
        null,
        null,
        null,
        null,
        null,
        1,
        null,
        null,
        null,
        null,
        null,
        null,
        null,
        null,
        null,
        null,
        null,
        null,
        null,
        null,
        null,
        1,
        null,
        null,
        null,
        null,
        null,
        null,
        null,
        null,
        null,
        null,
        null,
        null,
        null,
        null,
        null,
        null,
        null,
        null,
        null,
        null,
        null,
        null,
        null,
        null,
        null,
        null,
        null,
        null,
        null,
        null,
        null
      ],
      "/Users/helenhood/Dropbox/launchacademy/breakable_toy/time_catcher_capybara/config/initializers/smtp.rb": [
        1,
        0,
        0,
        null,
        null,
        null,
        null
      ],
      "/Users/helenhood/Dropbox/launchacademy/breakable_toy/time_catcher_capybara/config/initializers/wrap_parameters.rb": [
        null,
        null,
        null,
        null,
        null,
        null,
        1,
        1,
        null,
        null,
        null,
        null,
        null,
        null
      ],
      "/Users/helenhood/Dropbox/launchacademy/breakable_toy/time_catcher_capybara/spec/factories/activities.rb": [
        1,
        1,
        101,
        1,
        1,
        null,
        1,
        1,
        null,
        null
      ],
      "/Users/helenhood/Dropbox/launchacademy/breakable_toy/time_catcher_capybara/spec/factories/activity_sessions.rb": [
        1,
        1,
        1,
        1,
        1,
        1,
        null,
        1,
        1,
        null,
        null
      ],
      "/Users/helenhood/Dropbox/launchacademy/breakable_toy/time_catcher_capybara/spec/factories/categories.rb": [
        null,
        1,
        1,
        108,
        null,
        1,
        null,
        null
      ],
      "/Users/helenhood/Dropbox/launchacademy/breakable_toy/time_catcher_capybara/spec/factories/contacts.rb": [
        1,
        1,
        1,
        1,
        1,
        1,
        1,
        null,
        null
      ],
      "/Users/helenhood/Dropbox/launchacademy/breakable_toy/time_catcher_capybara/spec/factories/users.rb": [
        null,
        null,
        1,
        1,
        1,
        1,
        193,
        1,
        1,
        null,
        null
      ],
      "/Users/helenhood/Dropbox/launchacademy/breakable_toy/time_catcher_capybara/config/routes.rb": [
        1,
        null,
        1,
        1,
        null,
        1,
        1,
        1,
        null,
        1,
        null,
        1,
        null,
        null,
        null,
        null,
        null,
        null,
        null,
        null,
        null,
        null,
        null,
        null,
        null,
        null,
        null,
        null,
        null,
        null,
        null,
        null,
        null,
        null,
        null,
        null,
        null,
        null,
        null,
        null,
        null,
        null,
        null,
        null,
        null,
        null,
        null,
        null,
        null,
        null,
        null,
        null,
        null,
        null,
        null,
        null,
        null,
        null,
        null,
        null,
        null,
        null,
        null,
        null,
        null,
        null,
        null,
        null
      ],
      "/Users/helenhood/Dropbox/launchacademy/breakable_toy/time_catcher_capybara/app/models/user.rb": [
        1,
        null,
        null,
        1,
        null,
        null,
        1,
        1,
        null,
        1,
        1,
        1,
        null
      ],
      "/Users/helenhood/Dropbox/launchacademy/breakable_toy/time_catcher_capybara/app/helpers/application_helper.rb": [
        1,
        null
      ],
      "/Users/helenhood/Dropbox/launchacademy/breakable_toy/time_catcher_capybara/spec/support/login_helper.rb": [
        1,
        1,
        35,
        35,
        35,
        35,
        35,
        null,
        null,
        null
      ],
      "/Users/helenhood/Dropbox/launchacademy/breakable_toy/time_catcher_capybara/spec/support/share_db_connection.rb": [
        1,
        1,
        1,
        null,
        1,
        6396,
        null,
        null,
        null,
        null,
        null,
        1
      ],
      "/Users/helenhood/Dropbox/launchacademy/breakable_toy/time_catcher_capybara/spec/features/user_adds_an_activity_spec.rb": [
        1,
        null,
        1,
        null,
        null,
        null,
        null,
        null,
        null,
        null,
        null,
        null,
        null,
        null,
        null,
        null,
        null,
        null,
        null,
        6,
        null,
        1,
        1,
        null,
        1,
        1,
        1,
        1,
        1,
        1,
        1,
        1,
        null,
        1,
        1,
        null,
        null,
        1,
        null,
        null,
        1,
        1,
        null,
        1,
        1,
        1,
        1,
        1,
        null,
        1,
        1,
        null,
        null,
        1,
        1,
        null,
        1,
        1,
        null,
        1,
        null,
        1,
        1,
        null,
        null,
        1,
        1,
        null,
        null,
        null,
        1,
        1,
        1,
        1,
        null,
        1,
        1,
        1,
        1,
        1,
        null,
        1,
        1,
        1,
        null,
        null,
        1,
        1,
        null,
        1,
        1,
        null,
        null
      ],
      "/Users/helenhood/Dropbox/launchacademy/breakable_toy/time_catcher_capybara/spec/features/user_creates_account_spec.rb": [
        1,
        null,
        1,
        null,
        null,
        null,
        null,
        null,
        null,
        null,
        null,
        null,
        null,
        null,
        null,
        null,
        1,
        1,
        null,
        1,
        1,
        1,
        1,
        1,
        1,
        1,
        1,
        null,
        null,
        1,
        1,
        null,
        null,
        1,
        null,
        null,
        1,
        1,
        1,
        null,
        1,
        null,
        null,
        1,
        1,
        null,
        null,
        1,
        null,
        null,
        1,
        null,
        null,
        1,
        1,
        1,
        null,
        1,
        1,
        null,
        1,
        1,
        1,
        1,
        1,
        null,
        1,
        null,
        null,
        1,
        1,
        null,
        null,
        1,
        null,
        null,
        1,
        null,
        null,
        1,
        1,
        null,
        1,
        1,
        null,
        1,
        1,
        1,
        1,
        1,
        null,
        1,
        null,
        null,
        1,
        1,
        null,
        null,
        1,
        null,
        null,
        1,
        null,
        null,
        1,
        null
      ],
      "/Users/helenhood/Dropbox/launchacademy/breakable_toy/time_catcher_capybara/spec/features/user_edits_activity_spec.rb": [
        1,
        null,
        1,
        null,
        null,
        null,
        null,
        null,
        null,
        null,
        null,
        null,
        null,
        null,
        null,
        null,
        null,
        null,
        6,
        6,
        null,
        1,
        1,
        1,
        1,
        1,
        1,
        1,
        null,
        null,
        1,
        null,
        null,
        1,
        1,
        null,
        null,
        1,
        1,
        1,
        1,
        null,
        null,
        1,
        null,
        null,
        1,
        null,
        null,
        1,
        1,
        1,
        1,
        1,
        1,
        null,
        null,
        1,
        null,
        null,
        1,
        null,
        null,
        1,
        1,
        null,
        1,
        1,
        1,
        1,
        1,
        null,
        null,
        1,
        null,
        null,
        1,
        null,
        null,
        1,
        1,
        null,
        1,
        1,
        1,
        null,
        null
      ],
      "/Users/helenhood/Dropbox/launchacademy/breakable_toy/time_catcher_capybara/spec/features/user_edits_category_spec.rb": [
        1,
        null,
        1,
        null,
        null,
        null,
        null,
        null,
        null,
        null,
        null,
        null,
        null,
        null,
        null,
        null,
        null,
        6,
        6,
        null,
        1,
        1,
        1,
        1,
        1,
        1,
        null,
        null,
        1,
        null,
        null,
        1,
        null,
        null,
        1,
        1,
        1,
        1,
        null,
        null,
        1,
        null,
        null,
        1,
        null,
        null,
        1,
        1,
        1,
        1,
        1,
        1,
        null,
        null,
        1,
        null,
        null,
        1,
        null,
        null,
        1,
        1,
        null,
        1,
        1,
        1,
        1,
        1,
        null,
        null,
        1,
        null,
        null,
        1,
        null,
        null,
        1,
        1,
        null,
        1,
        1,
        1,
        null,
        null,
        null
      ],
      "/Users/helenhood/Dropbox/launchacademy/breakable_toy/time_catcher_capybara/spec/features/user_gets_an_activity_spec.rb": [
        1,
        null,
        1,
        null,
        null,
        null,
        null,
        null,
        null,
        null,
        null,
        null,
        null,
        null,
        null,
        null,
        null,
        null,
        null,
        9,
        null,
        1,
        1,
        1,
        1,
        null,
        1,
        1,
        1,
        null,
        1,
        1,
        null,
        1,
        1,
        null,
        null,
        1,
        1,
        null,
        null,
        1,
        1,
        null,
        null,
        1,
        1,
        null,
        1,
        1,
        null,
        null,
        1,
        1,
        null,
        1,
        1,
        null,
        null,
        1,
        1,
        1,
        null,
        1,
        1,
        1,
        null,
        1,
        1,
        null,
        null,
        1,
        5,
        null,
        1,
        1,
        1,
        1,
        null,
        1,
        1,
        null,
        1,
        null,
        null,
        1,
        1,
        1,
        1,
        null,
        1,
        1,
        null,
        1,
        null,
        null,
        1,
        1,
        1,
        1,
        null,
        1,
        1,
        null,
        1,
        null,
        null,
        null,
        1,
        1,
        1,
        null,
        1,
        1,
        null,
        1,
        null,
        null,
        null,
        1,
        2,
        null,
        2,
        4,
        null,
        2,
        null,
        null
      ],
      "/Users/helenhood/Dropbox/launchacademy/breakable_toy/time_catcher_capybara/spec/features/user_marks_activity_complete_spec.rb": [
        1,
        null,
        1,
        null,
        null,
        null,
        null,
        null,
        null,
        null,
        null,
        null,
        null,
        null,
        null,
        1,
        1,
        1,
        1,
        null,
        1,
        1,
        1,
        null,
        null,
        1,
        null,
        null,
        1,
        1,
        1,
        null,
        null,
        1,
        null,
        null
      ],
      "/Users/helenhood/Dropbox/launchacademy/breakable_toy/time_catcher_capybara/spec/features/user_sends_contact_us_email_spec.rb": [
        1,
        null,
        1,
        null,
        null,
        null,
        null,
        null,
        null,
        null,
        null,
        null,
        null,
        null,
        null,
        null,
        1,
        1,
        null,
        null,
        1,
        1,
        1,
        null,
        1,
        1,
        1,
        1,
        1,
        1,
        1,
        1,
        null,
        1,
        1,
        null,
        1,
        1,
        1,
        1,
        null,
        null,
        1,
        null,
        1,
        null,
        null
      ],
      "/Users/helenhood/Dropbox/launchacademy/breakable_toy/time_catcher_capybara/spec/features/user_signs_in_spec.rb": [
        1,
        null,
        1,
        null,
        null,
        null,
        null,
        null,
        null,
        null,
        null,
        null,
        null,
        null,
        null,
        null,
        1,
        1,
        null,
        1,
        1,
        null,
        1,
        1,
        1,
        null,
        1,
        1,
        1,
        null,
        null,
        1,
        1,
        1,
        null,
        1,
        1,
        1,
        null,
        1,
        1,
        null,
        null
      ],
      "/Users/helenhood/Dropbox/launchacademy/breakable_toy/time_catcher_capybara/spec/features/user_signs_out_spec.rb": [
        1,
        null,
        1,
        null,
        null,
        null,
        null,
        null,
        null,
        null,
        null,
        null,
        null,
        1,
        1,
        null,
        1,
        1,
        null,
        1,
        1,
        1,
        null,
        1,
        1,
        1,
        1,
        null,
        null,
        1,
        1,
        null,
        1,
        null,
        null
      ],
      "/Users/helenhood/Dropbox/launchacademy/breakable_toy/time_catcher_capybara/spec/features/user_skips_an_activity_spec.rb": [
        1,
        null,
        1,
        null,
        null,
        null,
        null,
        null,
        null,
        null,
        null,
        null,
        null,
        null,
        null,
        null,
        null,
        null,
        3,
        3,
        3,
        3,
        null,
        1,
        2,
        2,
        null,
        2,
        2,
        2,
        2,
        null,
        2,
        2,
        2,
        null,
        null,
        1,
        1,
        1,
        null,
        1,
        1,
        null,
        null,
        1,
        1,
        null,
        null,
        1,
        null,
        null,
        1,
        1,
        1,
        null,
        null,
        null,
        null,
        null,
        null,
        1,
        1,
        null,
        1,
        null,
        1,
        null,
        null,
        1,
        1,
        null,
        null,
        1,
        1,
        null,
        null
      ],
      "/Users/helenhood/Dropbox/launchacademy/breakable_toy/time_catcher_capybara/spec/features/user_views_activities_spec.rb": [
        1,
        null,
        1,
        null,
        null,
        null,
        null,
        null,
        null,
        null,
        null,
        null,
        null,
        null,
        1,
        1,
        1,
        1,
        null,
        1,
        1,
        null,
        1,
        1,
        1,
        1,
        1,
        1,
        null,
        null,
        1,
        1,
        null,
        1,
        1,
        null,
        null,
        1,
        1,
        1,
        null,
        1,
        1,
        null,
        1,
        1,
        null,
        1,
        1,
        null,
        null
      ],
      "/Users/helenhood/Dropbox/launchacademy/breakable_toy/time_catcher_capybara/spec/features/user_views_activity_log_spec.rb": [
        1,
        null,
        1,
        null,
        null,
        null,
        null,
        null,
        null,
        null,
        null,
        null,
        null,
        null,
        null,
        null,
        null,
        9,
        null,
        1,
        1,
        6,
        6,
        6,
        null,
        1,
        5,
        5,
        5,
        null,
        null,
        1,
        1,
        2,
        2,
        2,
        2,
        null,
        null,
        1,
        null,
        null,
        1,
        1,
        1,
        null,
        null,
        1,
        1,
        1,
        null,
        null,
        1,
        1,
        1,
        null,
        null,
        1,
        1,
        1,
        1,
        null,
        null,
        null,
        1,
        1,
        2,
        2,
        2,
        null,
        null,
        1,
        1,
        null,
        null,
        1,
        1,
        null,
        null,
        null,
        null,
        1,
        1,
        1,
        null,
        1,
        1,
        null,
        null,
        null
      ],
      "/Users/helenhood/Dropbox/launchacademy/breakable_toy/time_catcher_capybara/spec/features/user_views_categories_spec.rb": [
        1,
        null,
        1,
        null,
        null,
        null,
        null,
        null,
        null,
        null,
        null,
        null,
        null,
        null,
        1,
        1,
        1,
        1,
        1,
        null,
        1,
        1,
        null,
        1,
        2,
        2,
        null,
        null,
        null,
        1,
        1,
        null,
        1,
        1,
        null,
        null
      ],
      "/Users/helenhood/Dropbox/launchacademy/breakable_toy/time_catcher_capybara/spec/mailers/contact_email_spec.rb": [
        1,
        null,
        1,
        1,
        3,
        3,
        null,
        1,
        1,
        1,
        1,
        null,
        null,
        1,
        1,
        1,
        1,
        null,
        null,
        null
      ],
      "/Users/helenhood/Dropbox/launchacademy/breakable_toy/time_catcher_capybara/app/mailers/contact_email.rb": [
        1,
        1,
        null,
        1,
        3,
        null,
        3,
        null,
        null,
        null
      ],
      "/Users/helenhood/Dropbox/launchacademy/breakable_toy/time_catcher_capybara/spec/models/activity_selection_spec.rb": [
        1,
        null,
        1,
        2,
        2,
        null,
        2,
        2,
        null
      ],
      "/Users/helenhood/Dropbox/launchacademy/breakable_toy/time_catcher_capybara/app/models/activity_selection.rb": [
        1,
        1,
        1,
        null,
        1,
        1,
        null
      ],
      "/Users/helenhood/Dropbox/launchacademy/breakable_toy/time_catcher_capybara/spec/models/activity_session_spec.rb": [
        1,
        null,
        1,
        2,
        2,
        null,
        2,
        2,
        2,
        2,
        null,
        2,
        2,
        2,
        null,
        16,
        16,
        16,
        16,
        16,
        16,
        null,
        null,
        1,
        1,
        1,
        1,
        1,
        null,
        1,
        1,
        1,
        1,
        null,
        null,
        null,
        1,
        1,
        1,
        1,
        null,
        1,
        1,
        1,
        null,
        null,
        1,
        1,
        1,
        null,
        1,
        1,
        1,
        null,
        null,
        null,
        1,
        1,
        1,
        1,
        null,
        1,
        null,
        1,
        1,
        null,
        null,
        null,
        null,
        1,
        1,
        1,
        1,
        null,
        1,
        1,
        null,
        null,
        null,
        1,
        1,
        1,
        1,
        null,
        1,
        null,
        1,
        1,
        null,
        null,
        null,
        null
      ],
      "/Users/helenhood/Dropbox/launchacademy/breakable_toy/time_catcher_capybara/app/models/activity_session.rb": [
        1,
        1,
        1,
        1,
        1,
        null,
        1,
        1,
        1,
        null,
        1,
        null,
        1,
        11,
        28,
        11,
        null,
        null,
        1,
        1,
        33,
        33,
        27,
        null,
        6,
        null,
        null,
        null,
        1,
        14,
        14,
        14,
        null,
        null,
        null,
        1,
        null,
        1,
        3,
        null,
        null
      ],
      "/Users/helenhood/Dropbox/launchacademy/breakable_toy/time_catcher_capybara/spec/models/activity_spec.rb": [
        1,
        null,
        1,
        9,
        null,
        2,
        2,
        2,
        2,
        null,
        2,
        2,
        2,
        2,
        null
      ],
      "/Users/helenhood/Dropbox/launchacademy/breakable_toy/time_catcher_capybara/app/models/activity.rb": [
        1,
        1,
        1,
        null,
        1,
        1,
        null,
        1,
        1,
        1,
        1,
        null,
        1,
        32,
        1,
        null,
        31,
        null,
        null,
        null
      ],
      "/Users/helenhood/Dropbox/launchacademy/breakable_toy/time_catcher_capybara/spec/models/category_spec.rb": [
        1,
        null,
        1,
        2,
        2,
        2,
        null,
        2,
        2,
        null,
        1,
        3,
        null,
        1,
        1,
        null,
        1,
        null,
        null,
        1,
        1,
        null,
        null,
        null
      ],
      "/Users/helenhood/Dropbox/launchacademy/breakable_toy/time_catcher_capybara/app/models/category.rb": [
        1,
        1,
        1,
        null,
        1,
        null,
        1,
        1,
        null,
        1,
        16,
        10,
        null,
        null
      ],
      "/Users/helenhood/Dropbox/launchacademy/breakable_toy/time_catcher_capybara/spec/models/contact_spec.rb": [
        1,
        null,
        1,
        2,
        2,
        2,
        2,
        null,
        2,
        2,
        2,
        null
      ],
      "/Users/helenhood/Dropbox/launchacademy/breakable_toy/time_catcher_capybara/app/models/contact.rb": [
        1,
        1,
        1,
        1,
        1,
        1,
        null,
        1,
        1,
        null
      ],
      "/Users/helenhood/Dropbox/launchacademy/breakable_toy/time_catcher_capybara/spec/models/user_spec.rb": [
        1,
        null,
        1,
        9,
        null,
        2,
        2,
        2,
        2,
        null,
        2,
        null,
        2,
        2,
        2,
        null
      ],
      "/Users/helenhood/Dropbox/launchacademy/breakable_toy/time_catcher_capybara/app/controllers/activities_controller.rb": [
        1,
        null,
        1,
        8,
        8,
        null,
        null,
        1,
        3,
        3,
        null,
        null,
        1,
        3,
        3,
        1,
        null,
        2,
        2,
        null,
        null,
        null,
        1,
        6,
        6,
        null,
        null,
        1,
        4,
        4,
        2,
        null,
        2,
        null,
        null,
        null,
        1,
        1,
        1,
        1,
        null,
        0,
        0,
        null,
        null,
        null,
        1,
        null,
        1,
        7,
        null,
        null
      ],
      "/Users/helenhood/Dropbox/launchacademy/breakable_toy/time_catcher_capybara/app/controllers/application_controller.rb": [
        1,
        null,
        null,
        1,
        null,
        1,
        null,
        1,
        null,
        1,
        null,
        1,
        94,
        null,
        null,
        1,
        38,
        null,
        null
      ],
      "/Users/helenhood/Dropbox/launchacademy/breakable_toy/time_catcher_capybara/app/controllers/home_controller.rb": [
        1,
        1,
        null,
        1,
        45,
        null,
        null
      ],
      "/Users/helenhood/Dropbox/launchacademy/breakable_toy/time_catcher_capybara/app/controllers/activity_sessions_controller.rb": [
        1,
        1,
        null,
        1,
        7,
        null,
        null,
        1,
        40,
        40,
        null,
        null,
        1,
        6,
        6,
        null,
        null,
        1,
        1,
        1,
        1,
        1,
        1,
        null,
        0,
        0,
        null,
        null,
        null,
        1,
        9,
        9,
        9,
        4,
        null,
        5,
        1,
        null,
        4,
        null,
        5,
        null,
        null,
        null,
        1,
        3,
        3,
        3,
        3,
        3,
        3,
        1,
        1,
        null,
        2,
        2,
        2,
        2,
        null,
        0,
        0,
        null,
        null,
        null,
        null,
        1,
        15,
        15,
        null,
        null,
        1,
        null,
        1,
        9,
        null,
        null
      ],
      "/Users/helenhood/Dropbox/launchacademy/breakable_toy/time_catcher_capybara/app/controllers/categories_controller.rb": [
        1,
        null,
        1,
        7,
        null,
        null,
        1,
        3,
        null,
        null,
        1,
        3,
        3,
        1,
        null,
        2,
        2,
        null,
        null,
        null,
        1,
        4,
        null,
        null,
        1,
        3,
        3,
        1,
        null,
        2,
        2,
        null,
        null,
        null,
        1,
        1,
        1,
        1,
        null,
        0,
        0,
        null,
        null,
        null,
        1,
        null,
        1,
        6,
        null,
        null
      ],
      "/Users/helenhood/Dropbox/launchacademy/breakable_toy/time_catcher_capybara/app/controllers/contacts_controller.rb": [
        1,
        1,
        null,
        1,
        2,
        null,
        null,
        1,
        1,
        1,
        1,
        1,
        null,
        0,
        0,
        null,
        null,
        null,
        1,
        1,
        1,
        null,
        null
      ]
    },
    "timestamp": 1390317197
  }
}
